2400_Generic
2400
NO
AT&FE0S0=0S2=255X4&C1&D2




2400_Generic_with_Error_Correction
9600
YES
AT&FE0S0=0S2=255X4&C1&D2




9600_Generic
9600
YES
AT&FE0S0=0S2=255X4&C1&D2




14400_Generic
19200
YES
AT&FE0S0=0S2=255X4&C1&D2




28800_Generic
38400
YES
AT&FE0S0=0S2=255X4&C1&D2




ACEEX_Designer_Modem
19200
YES
AT&FE0S0=0S2=255X4Y0&C1&D2&T5%C1\N3\Q3




Applied_Engineering_Datalink_Express
9600
YES
AT&FE0S2=1Q0V1X4\J0\N3\Q3&C1&D2




AT&T_Paradyne_Comsphere_3820
19200
YES
AT&FE0S0=0S2=255X4\D1&R0\Q3&C1&D2




AT&T_Paradyne_DataPort_14.4
19200
YES
AT&FE0S0=0S2=255Q0V1X4Y0&C1&D2\Q3\D3




AT&T_Paradyne_DataPort_Express_28.8
38400
YES
AT&FE0S0=0S2=255Q0V1X4&C1&D2&R0&T5\Q3%C1




AT&T_STU-III_Model_1900
9600
YES
AT&FE0S0=0S2=255Q0V1X4&C1&R0




ATI_Technologies_2400etc/i
9600
YES
AT&FE0S0=0S2=255X4&B1&C1&D2&K3&Q6&U1




ATI_Technologies_9600etc
19200
YES
AT&FE0S0=0S2=255U0W2X4Y0&B1&C1&D2&K3&O1&Q6




Avatex_2400
2400
NO
AT&FE0S0=0S2=255X4&C1&D2




Best_Data_288
38400
YES
AT&FE0S0=0S2=255W2X4&C1&D2&K3&R0&T5\N3




Boca_Research_Bocamodem_14400
19200
YES
AT&FE0S0=0S2=255S95=0W2X4&C1&D2&K3&Q5\K5\N3




Boca_Research_Bocamodem_28.8
38400
YES
AT&FES0=0S2=255S95=0W2X4&C1&D3&K3&Q5\K5\N3H




CalCom_14.4
19200
YES
AT&FE0S0=0S2=255S95=0X4&C1&D2




Cardinal_9650/V.32
19200
YES
AT&FE0S0=0S2=255X4&J1




Cardinal_Model_02631
19200
YES
AT&FE0S0=0S2=255S95=0Q0V1W2X4&C1&D2&K3&T5




Cardinal_MVP144XF
19200
YES
AT&FE0S0=0S2=255W2X4&C1&D2&K3&T5




Cardinal_MV.34EM
38400
YES
AT&FE0S0=0S2=255S95=0Q0V1W2X4&C1&D2&K3&R1&T5




Compucom_Speedmodem
19200
YES
AT&F2*H2E0S0=0S2=255S25=2Q0V1X4&C1&D2




Compudyne_9642i
19200
YES
AT&FE0S0=0S2=255Q0V1X4&C1&D2




CUI_2400i
2400
YES
AT&FE0S0=0S2=255Q0V1X4&C1&D2




Designer_Modem_V.32_V.42bis_9600
9600
NO
AT&FE0S0=0S2=255Q0V1X4&C1&D2\J0\Q3




Digicom_9624PC
19200
YES
AT&FE0S0=0S2=255Q0V1&C1&D2*F3*S1




Digicom_Connection_14.4+Fax
38400
YES
AT&FES0=0S2=255W1X4&T5




Digicom_Eagle_Plus
19200
YES
AT&F&C1*S1S0=2S0=0S2=255X4S9=6M0H




Digicom_Scout_14.4
38400
YES
AT&FE0S2=127X4




Digicom_Scout_Plus
19200
YES
AT&FE0S0=0S2=255S9=6M0X4H0




Digitan_HI-IQ
2400
NO
AT&FE0S0=0S2=255X4&C1&D2




Direct_2400PC
2400
NO
AT&FE0S0=0S2=255X4&C1&D2




E288MX
38400
YES
AT&FE0S0=0S2=255Q0V1W2X4&C1&D2&K3&R0




Forval_9600
19200
YES
AT&FE0S0=0S2=255X4&C1&D2&R0*E1*F0*S0




Fujitsu_PCMCIA_28.8
38400
YES
AT&FE0S0=0S2=255V1W2X4&C1&D2&K3&T5\N3




Galacticomm_2408_Multi-Modem
2400
NO
AT&FE0S0=0S2=255Q0V1X4\N3&C1&D2




Gateway_TelePath_14.4
19200
YES
AT&FE0S0=0S2=255S95=0W2X4&C1&D2&K3&Q5&T5\N3




Gateway_TelePath_II_28.8
38400
YES
AT&FE0S0=0S2=255QV1X4&A0&B1&C1&D2&H1&R2&T5H




General_Datacomm_Desktop_596
19200
YES
AT&FE0S0=0S2=255X4\Q3\T5\V1&C1&D2




GVC_Technologies_SM-96
19200
YES
AT&FE0S0=0S2=255X4&C1&D2%C1\N6\Q3




GVC_Technologies_V.32_V.32bis
19200
YES
AT&FE0S0=0S2=255X4&C1&D2%C1\C0\N6\Q3




Hayes_Accura_24_EC
9600
YES
AT&FE0S0=0S2=255V1X4&C1&D2&K3&Q5&T5




Hayes_Accura_9600/14.4
19200
YES
AT&FE0S0=0S2=255W2X4&C1&D2&K3&Q5




Hayes_Accura_28.8
38400
YES
AT&FE0S0=0S2=255W2X4&C1&D2&K3&Q5




Hayes_Optima_24_EC
9600
YES
AT&FE0S0=0S2=255V1X4&C1&D2&K3&Q5&T5




Hayes_Optima_9600/14.4
19200
YES
AT&FE0S0=0S2=255W2X4&C1&D2&K3&Q5&T5H




Hayes_Optima_28.8
38400
YES
AT&FE0S0=0S2=255S95=0W2X4&C1&D2&K3&R0&T5H




Hayes_Smartmodem_2400
2400
NO
AT&FE0S0=0S2=255Q0V1X4&C1&D2




Hayes_V-Series_Ultra_Smartmodem_9600
19200
YES
AT&FE0S0=0S2=255Q0V1W2X4&C1&D2&Q5




Hayes_V-Series_Ultra_Smartmodem_14400
19200
YES
AT&FE0S0=0S2=255N2Q0V1W2X4&C1&D2&K3&Q5




IBM_5853_2400bps_Modem
2400
NO
AT&FE0Q0V1




Icodata_AD144
19200
YES
AT&FE0S0=0S2=255W2X4%C1%E1&T5




Incomm_PC_9605
9600
YES
AT&FE0S0=0S2=255X4&C1&D2\J0\N3\Q3




Infotel_9600_V.32
19200
YES
AT&FE0S0=0S2=255Q0V1X4&C1&D2&K3&R0




Infotel_144I
19200
YES
AT&FE0S0=0S2=255Q0V1X4&C1&D2




Infotel_288
38400
YES
AT&FE0S0=0S2=255S95=0Q0V1W2X4&C1&D2&K3&Q5&T5




Intel_2400EX
2400
NO
AT&FE0S0=0S2=255X4&C1&D2




Intel_9600EX
19200
YES
AT&FE0S0=0S2=255X4&C1&D2




Intel_14400EX
19200
YES
AT&FE0S0=0S2=255Q0V1X4&C1&D2\N3\Q3%C1%E1"H3




Intel_SatisFAXion_400e
19200
YES
AT&FE0S0=0S2=255X4H0&T5




Lightcom_144F_144/550_96F_96/550
19200
YES
AT&FE0S0=1S2=1&C1&D2&Q9&T5




Maestro_2400ZXR
2400
NO
AT&FE0S0=0S2=255X4&C1&D2




Magnum_144
19200
YES
AT&FE0S0=0S2=255W2X4&C1&D2&K3&T5




Megahertz_Modem_14400
19200
YES
AT&FE0S0=0S2=255Q0V1&C1&D2\C1\J0\N7%C1%E1




MICC_Series_9600_V.32/V.42bis
19200
YES
AT&FE0S0=0S2=255X4\Q3&C1&D2




Microcom_3296
19200
YES
AT&FE0S0=0S2=255X4\J0\Q3\N3&C1&D2




Microcom_DeskPorte_ES_28.8
38400
YES
AT&FE0S0=0S2=255S95=0W2X4&C1&D2&K3&Q5&T5\N3




Motorola_BitSURFR_ISDN_(Pro)
57600
YES
AT&FE0S0=0S2=255Q0V1W0X2&C1&D2&R0\Q3




Motorola_Codex_326X
38400
YES
AT&FE0S0=0S2=255Q0V1X4&C1&D2&R0*CM1




Motorola_Fastalk_V.32/V.42bis
19200
YES
AT&FE0S0=0S2=255X4&C1&D2\Q3




Motorola_Fastalk_32x
19200
YES
AT&FE0S0=0S2=255S9=6S10=7X4&C1&D2&R0&T5\Q3




Motorola_Lifestyle_28.8
38400
YES
AT&FE0S0=0S2=255V1X4&C1&D2&R0&T5\N6\Q3




Motorola_Power_28.8
38400
YES
AT&FE0S0=0S2=255X4&C1&D2&R0&T5\Q3\V2




Motorola_UDS_9600
9600
YES
AT&FE0S0=0S2=255X4&C1&D2\J0\Q3




Motorola_UDS_V.3400
38400
YES
AT&FE0S0=0S2=255W2X4&C1&D2&R0&T5\Q3




Multitech_224E
2400
NO
AT&FE0S0=0S2=255Q0V1X4&C1&D2




Multitech_MT932EA_Multimodem_V32
9600
YES
AT&FE0&C1&E1&E4&E7&E13&E15$BA0




Multitech_V32EC_Multimodem
9600
YES
AT&FE0S0=0S2=255X4&C1&D2&E1&E4&R0$BA0




Multitech_MT1432BR
19200
YES
AT&FE0S0=0S2=255X4




PC_Logic_14.4
19200
YES
AT&FE0S0=0S2=255N1Q0V1W2X4&C1&D2&K3&Q5




Practical_Peripherals_9600SA
19200
YES
AT&FE0S0=0S2=255Q0V1W2X4&C1&D2&Q5




Practical_Peripherals_PM2400_MNP-5
4800
YES
AT&FE0S0=0S2=255X4Q0V1X4W2\Q3\J0\N3&C1&D2




Practical_Peripherals_PM14400_FXSA
19200
YES
AT&F1E0S0=0S2=255X4W2




Practical_Peripherals_PM144MT_II
19200
YES
AT&F1E0S0=0S2=255X4W2




Practical_Peripherals_PM288MT_II
38400
YES
AT&FE0S0=0S2=255S95=0W2X4&C1&D2&K3&Q5




Premier_Innovations_P2400E
2400
NO
AT&FE0S0=0S2=255X4&C1&D2




Prometheus_14400e
19200
YES
AT&FE0S0=0S2=255V1X4&C1&D2&K3&R0




Racal_Datacom_ALM_3223
19200
YES
AT&FE0S0=0S2=255X4&R0&T5




Racal_Datacom_ALM_3232Plus
19200
YES
AT&FE0S0=0S2=255S95=0Q0V1X4&C1&D2&K0&R0




Racal_Datacom_ALM_3239
38400
YES
AT&FE0S0=0S2=255Q0V1X4&C1&D2&Q0&R0&T5




Racal_Datacom_ALM_3400_PCMCIA
38400
YES
AT&FE0S0=0S2=255S95=0W2X4&C1&D2&K3&Q5&R0




Racal-Milgo_RMD_3296
19200
YES
AT&FE0S0=0S2=255X4




Series_14400_Standalone_Modem
19200
YES
AT&FE0S0=0S2=255X4&C1&D2\Q3




Smartlink_2834
38400
YES
AT&FE0S0=0S2=255Q0W2X4&C1&D2&K3&R0&T5\Q3




Supra_2400i
2400
NO
AT&FE0S0=0S2=255X4&C1&D2




Supra_2400_PLUS
9600
YES
AT&F2E0S0=0S2=255X4\Q3\N3&C1&D2




Supra_Faxmodem_14.4
19200
YES
AT&FE0S0=0S2=255S95=0Q0V1W2X4&C1&D2&K3&Q5




Supra_Faxmodem_28.8
38400
YES
AT&FE0S0=0S2=255S95=0Q0V1W2X4&C1&D2&K3&Q5




Telebit_T-1000
19200
YES
AT&FE0S0=0S2=255X4&C1&D2




Telebit_Trailblazer_Plus_T-25AA
19200
YES
AT&FE0S0=0S2=255X4W2&C1&D2&K3&Q5&T5




Telebit_Trailblazer_T-2500
19200
YES
AT&F1E0S0=0S2=255S52=3S66=1S131=1&C1&D2&R0




Telebit_Trailblazer_T-3000
38400
YES
AT&F9E0S0=0S2=255Q0V1X4S64=1




Telebit_Worldblazer
38400
YES
AT&F9E0S0=0S2=255S64=1S92=1Q0V1X4&R3




Telenet_2400
2400
NO
AT&FE0S0=0S2=255X4&C1&D2




Toshiba_T24M
2400
NO
AT&FE0S0=0S2=255Q0V1X4&C1&D2\G0\J0\N3\Q3




Twincom_96/42i
19200
YES
AT&FE0S0=0S2=255X4&K3




Twincom_14.4_DF
19200
YES
AT&FE0S0=0S2=255S95=0X4&T5




Unisys_V.32_MNP-5
19200
YES
AT&FE0S0=0S2=255X4\Q3\J0\N3&C1&D2




USRobotics_Courier_Dual_Standard_9600/14.4/16.8
19200
YES
AT&FE0S0=0S2=255B0Q0V1X4&B1&H1&R2




USRobotics_Courier_HST_14.4/16.8
19200
YES
AT&FE0S0=0S2=255B1Q0V1X4&B1&H1&R2




USRobotics_Courier_Plus_Quad_28.8
38400
YES
AT&FES0=0S2=255Q0V1X4&A0&B1&C1&D2&H1&R2&T5




USRobotics_Courier_V.Everything_28.8
38400
YES
AT&FES0=0S2=255BQV1X4&A0&B1&C1&D2&H1&R2&T5




USRobotics_Courier_I-modem
38400
YES
AT&FES0=0S2=255BQV1X4&A0&B1&C1&D2&H1&R2&T5




USRobotics_Sportster_9600/14.4
19200
YES
AT&FES0=0S2=255Q0V1X4&A0&B1&C1&D2&H1&R2&T5




USRobotics_Sportster_14.4_Si
19200
YES
AT&FE0S0=0S2=255W2X4&C1&D2&K3&R0&T5




USRobotics_Sportster_28.8/33.6
38400
YES
AT&FES0=0S2=255Q0V1X4&A0&C1&D2&B1&H1&R2&T5




Ven-Tel_14.4
19200
YES
AT&FE0S0=0S2=255X4&C1&D2\N3\Q3




Viva_2400IM
4800
YES
AT&FE0S0=0S2=255X4\V0




Viva_2442i
9600
YES
AT&FE0S0=0S2=255X4\V0&K3\Q3\J0&C1&D2




Viva_14.4i
19200
YES
AT&FE0S0=0S2=255W2X4&C1&D2&K3




Zoltrix_14.4
19200
YES
AT&FE0S0=0S2=255N1W2&C1&D2&K3&T5\N3




Zoom_2400i
2400
NO
AT&FE0S0=0S2=255X4&C1&D2




Zoom_2400_MNP-5/V.42bis
9600
YES
AT&FE0S0=0S2=255X4&C1&D2&Q5




Zoom_14.4
19200
YES
AT&FE0S0=0S2=255Q0V1X4&C1&D2&Q5




Zoom_14.4_ex
19200
YES
AT&FE0S0=0S2=255S95=1W2X4&C1&D2&K3&T5




Zoom_VFX_24K
38400
YES
AT&FE0S0=0S2=255W2X4&C1&D2&K3&Q5%C3\N3




Zoom_VFX_24K_Faxmodem
38400
YES
AT&FE0S0=0S2=255W2X4&C1&D2&K3&Q5%C3\N3




Zoom_288_Faxmodem
38400
YES
AT&FE0S0=0S2=255W2X4&C1&D2




ZyXEL_U-1496B
19200
YES
AT&FE0S0=0S2=255B1X6&R0




ZyXEL_U-1496E
19200
YES
AT&FE0S0=0S2=255B1X6&R0




ZyXEL_Elite_2864_Series
38400
YES
AT&FE0S0=0S2=255Q0V1X6&C1&D2&H3&K4&R0&T5




