65
GALEML.MDF
GALFOR.MDF
GALME.MDF
GALMHS.MDF
GALTEXT.MDF
GALFIL.MDF
TTICWD.MDF
TCPTELNT.MDF
TCPFTP.MDF
TCPMISC.MDF
TCPSMTP.MDF
TCPLIB.MDF
HVSTW.MDF
TCPWEB2.MDF
GALCR.MDF
BBSMAINM.MDF
BBSFTF.MDF
GALHNG.MDF
GALXIT.MDF
GALPOK.MDF
BBSFSE.MDF
RTSLORD.MDF
BBSFSD.MDF
GALFAZ.MDF
GALUIE.MDF
GALETL.MDF
TCPRLGN.MDF
GALFAX.MDF
TCPID.MDF
TCPMIDEC.MDF
LOGCAS.MDF
RTSGEM.MDF
TCPSLIP2.MDF
BBSMAI.MDF
GALLOT.MDF
GALREG.MDF
LOGBM.MDF
TCPPOP3.MDF
MR_BOOK.MDF
GALQWK.MDF
GALNOTE.MDF
GALRSY.MDF
BBSIGNUP.MDF
FW_FTRIV.MDF
GALTXV.MDF
SIRGCONN.MDF
BBSRIP.MDF
GALGLO.MDF
MR_MJRCD.MDF
FW_ACT.MDF
FW_QSERV.MDF
PNTGLO.MDF
TCPFTPD.MDF
TCPIRC.MDF
MR_MAIL.MDF
GALKYR.MDF
GALDUP.MDF
GALLAN.MDF
GALBJ.MDF
GALTNG.MDF
ESCGRAF.MDF
ABSSUB.MDF
ABSSUS.MDF
TTI900.MDF
HVSAV.MDF
